# JRE version: OpenJDK Runtime Environment JBR-17.0.8.1+7-1059.3-nomod (17.0.8.1+7) (build 17.0.8.1+7-b1059.3)
# Java VM: OpenJDK 64-Bit Server VM JBR-17.0.8.1+7-1059.3-nomod (17.0.8.1+7-b1059.3, mixed mode, tiered, compressed oops, compressed class ptrs, g1 gc, windows-amd64)
GC Precious Log:
 CPUs: 8 total, 8 available
 Memory: 6091M
 Large Page Support: Disabled
 NUMA Support: Disabled
 Compressed Oops: Enabled (32-bit)
 Heap Region Size: 1M
 Heap Min Capacity: 8M
 Heap Initial Capacity: 96M
 Heap Max Capacity: 1524M
 Pre-touch: Disabled
 Parallel Workers: 8
 Concurrent Workers: 2
 Concurrent Refinement Workers: 8
 Periodic GC: Disabled
Heap:
 garbage-first heap   total 196608K, used 115918K [0x00000000a0c00000, 0x0000000100000000)
  region size 1024K, 5 young (5120K), 3 survivors (3072K)
 Metaspace       used 43508K, committed 43968K, reserved 1114112K
  class space    used 5456K, committed 5696K, reserved 1048576K
GC Heap History (20 events):
Event: 147.221 GC heap before
{Heap before GC invocations=35 (full 0):
 garbage-first heap   total 184320K, used 107048K [0x00000000a0c00000, 0x0000000100000000)
  region size 1024K, 4 young (4096K), 3 survivors (3072K)
 Metaspace       used 43495K, committed 43968K, reserved 1114112K
  class space    used 5456K, committed 5696K, reserved 1048576K
}
Event: 147.223 GC heap after
{Heap after GC invocations=36 (full 0):
 garbage-first heap   total 184320K, used 105107K [0x00000000a0c00000, 0x0000000100000000)
  region size 1024K, 3 young (3072K), 3 survivors (3072K)
 Metaspace       used 43495K, committed 43968K, reserved 1114112K
  class space    used 5456K, committed 5696K, reserved 1048576K
}
Event: 147.298 GC heap before
{Heap before GC invocations=37 (full 0):
 garbage-first heap   total 184320K, used 108179K [0x00000000a0c00000, 0x0000000100000000)
  region size 1024K, 5 young (5120K), 3 survivors (3072K)
 Metaspace       used 43500K, committed 43968K, reserved 1114112K
  class space    used 5456K, committed 5696K, reserved 1048576K
}
Event: 147.300 GC heap after
{Heap after GC invocations=38 (full 0):
 garbage-first heap   total 184320K, used 107479K [0x00000000a0c00000, 0x0000000100000000)
  region size 1024K, 3 young (3072K), 3 survivors (3072K)
 Metaspace       used 43500K, committed 43968K, reserved 1114112K
  class space    used 5456K, committed 5696K, reserved 1048576K
}
Event: 147.357 GC heap before
{Heap before GC invocations=39 (full 0):
 garbage-first heap   total 186368K, used 109527K [0x00000000a0c00000, 0x0000000100000000)
  region size 1024K, 4 young (4096K), 3 survivors (3072K)
 Metaspace       used 43500K, committed 43968K, reserved 1114112K
  class space    used 5456K, committed 5696K, reserved 1048576K
}
Event: 147.359 GC heap after
{Heap after GC invocations=40 (full 0):
 garbage-first heap   total 186368K, used 107133K [0x00000000a0c00000, 0x0000000100000000)
  region size 1024K, 3 young (3072K), 3 survivors (3072K)
 Metaspace       used 43500K, committed 43968K, reserved 1114112K
  class space    used 5456K, committed 5696K, reserved 1048576K
}
Event: 147.427 GC heap before
{Heap before GC invocations=41 (full 0):
 garbage-first heap   total 188416K, used 110205K [0x00000000a0c00000, 0x0000000100000000)
  region size 1024K, 6 young (6144K), 3 survivors (3072K)
 Metaspace       used 43500K, committed 43968K, reserved 1114112K
  class space    used 5456K, committed 5696K, reserved 1048576K
}
Event: 147.429 GC heap after
{Heap after GC invocations=42 (full 0):
 garbage-first heap   total 188416K, used 109116K [0x00000000a0c00000, 0x0000000100000000)
  region size 1024K, 3 young (3072K), 3 survivors (3072K)
 Metaspace       used 43500K, committed 43968K, reserved 1114112K
  class space    used 5456K, committed 5696K, reserved 1048576K
}
Event: 147.474 GC heap before
{Heap before GC invocations=43 (full 0):
 garbage-first heap   total 188416K, used 110140K [0x00000000a0c00000, 0x0000000100000000)
  region size 1024K, 4 young (4096K), 3 survivors (3072K)
 Metaspace       used 43504K, committed 43968K, reserved 1114112K
  class space    used 5456K, committed 5696K, reserved 1048576K
}
Event: 147.476 GC heap after
{Heap after GC invocations=44 (full 0):
 garbage-first heap   total 188416K, used 109067K [0x00000000a0c00000, 0x0000000100000000)
  region size 1024K, 3 young (3072K), 3 survivors (3072K)
 Metaspace       used 43504K, committed 43968K, reserved 1114112K
  class space    used 5456K, committed 5696K, reserved 1048576K
}
Event: 147.526 GC heap before
{Heap before GC invocations=45 (full 0):
 garbage-first heap   total 188416K, used 111115K [0x00000000a0c00000, 0x0000000100000000)
  region size 1024K, 5 young (5120K), 3 survivors (3072K)
 Metaspace       used 43505K, committed 43968K, reserved 1114112K
  class space    used 5456K, committed 5696K, reserved 1048576K
}
Event: 147.528 GC heap after
{Heap after GC invocations=46 (full 0):
 garbage-first heap   total 188416K, used 110385K [0x00000000a0c00000, 0x0000000100000000)
  region size 1024K, 3 young (3072K), 3 survivors (3072K)
 Metaspace       used 43505K, committed 43968K, reserved 1114112K
  class space    used 5456K, committed 5696K, reserved 1048576K
}
Event: 147.693 GC heap before
{Heap before GC invocations=47 (full 0):
 garbage-first heap   total 193536K, used 113457K [0x00000000a0c00000, 0x0000000100000000)
  region size 1024K, 6 young (6144K), 3 survivors (3072K)
 Metaspace       used 43508K, committed 43968K, reserved 1114112K
  class space    used 5456K, committed 5696K, reserved 1048576K
}
Event: 147.695 GC heap after
{Heap after GC invocations=48 (full 0):
 garbage-first heap   total 193536K, used 111408K [0x00000000a0c00000, 0x0000000100000000)
  region size 1024K, 3 young (3072K), 3 survivors (3072K)
 Metaspace       used 43508K, committed 43968K, reserved 1114112K
  class space    used 5456K, committed 5696K, reserved 1048576K
}
Event: 147.747 GC heap before
{Heap before GC invocations=49 (full 0):
 garbage-first heap   total 193536K, used 112432K [0x00000000a0c00000, 0x0000000100000000)
  region size 1024K, 5 young (5120K), 3 survivors (3072K)
 Metaspace       used 43508K, committed 43968K, reserved 1114112K
  class space    used 5456K, committed 5696K, reserved 1048576K
}
Event: 147.749 GC heap after
{Heap after GC invocations=50 (full 0):
 garbage-first heap   total 193536K, used 111666K [0x00000000a0c00000, 0x0000000100000000)
  region size 1024K, 3 young (3072K), 3 survivors (3072K)
 Metaspace       used 43508K, committed 43968K, reserved 1114112K
  class space    used 5456K, committed 5696K, reserved 1048576K
}
Event: 147.822 GC heap before
{Heap before GC invocations=51 (full 0):
 garbage-first heap   total 193536K, used 113714K [0x00000000a0c00000, 0x0000000100000000)
  region size 1024K, 6 young (6144K), 3 survivors (3072K)
 Metaspace       used 43508K, committed 43968K, reserved 1114112K
  class space    used 5456K, committed 5696K, reserved 1048576K
}
Event: 147.823 GC heap after
{Heap after GC invocations=52 (full 0):
 garbage-first heap   total 193536K, used 113157K [0x00000000a0c00000, 0x0000000100000000)
  region size 1024K, 3 young (3072K), 3 survivors (3072K)
 Metaspace       used 43508K, committed 43968K, reserved 1114112K
  class space    used 5456K, committed 5696K, reserved 1048576K
}
Event: 147.867 GC heap before
{Heap before GC invocations=53 (full 0):
 garbage-first heap   total 196608K, used 115205K [0x00000000a0c00000, 0x0000000100000000)
  region size 1024K, 4 young (4096K), 3 survivors (3072K)
 Metaspace       used 43508K, committed 43968K, reserved 1114112K
  class space    used 5456K, committed 5696K, reserved 1048576K
}
Event: 147.869 GC heap after
{Heap after GC invocations=54 (full 0):
 garbage-first heap   total 196608K, used 112846K [0x00000000a0c00000, 0x0000000100000000)
  region size 1024K, 3 young (3072K), 3 survivors (3072K)
 Metaspace       used 43508K, committed 43968K, reserved 1114112K
  class space    used 5456K, committed 5696K, reserved 1048576K
}

