# JRE version: OpenJDK Runtime Environment JBR-17.0.8.1+7-1059.3-nomod (17.0.8.1+7) (build 17.0.8.1+7-b1059.3)
# Java VM: OpenJDK 64-Bit Server VM JBR-17.0.8.1+7-1059.3-nomod (17.0.8.1+7-b1059.3, mixed mode, tiered, compressed oops, compressed class ptrs, g1 gc, windows-amd64)
GC Precious Log:
 CPUs: 8 total, 8 available
 Memory: 6091M
 Large Page Support: Disabled
 NUMA Support: Disabled
 Compressed Oops: Enabled (32-bit)
 Heap Region Size: 1M
 Heap Min Capacity: 8M
 Heap Initial Capacity: 96M
 Heap Max Capacity: 1524M
 Pre-touch: Disabled
 Parallel Workers: 8
 Concurrent Workers: 2
 Concurrent Refinement Workers: 8
 Periodic GC: Disabled
Heap:
 garbage-first heap   total 317440K, used 109747K [0x00000000a0c00000, 0x0000000100000000)
  region size 1024K, 12 young (12288K), 7 survivors (7168K)
 Metaspace       used 44665K, committed 45056K, reserved 1114112K
  class space    used 5543K, committed 5760K, reserved 1048576K
GC Heap History (20 events):
Event: 82.074 GC heap before
{Heap before GC invocations=47 (full 0):
 garbage-first heap   total 317440K, used 153235K [0x00000000a0c00000, 0x0000000100000000)
  region size 1024K, 2 young (2048K), 1 survivors (1024K)
 Metaspace       used 32672K, committed 32960K, reserved 1114112K
  class space    used 4130K, committed 4288K, reserved 1048576K
}
Event: 82.075 GC heap after
{Heap after GC invocations=48 (full 0):
 garbage-first heap   total 317440K, used 145057K [0x00000000a0c00000, 0x0000000100000000)
  region size 1024K, 1 young (1024K), 1 survivors (1024K)
 Metaspace       used 32672K, committed 32960K, reserved 1114112K
  class space    used 4130K, committed 4288K, reserved 1048576K
}
Event: 84.694 GC heap before
{Heap before GC invocations=49 (full 0):
 garbage-first heap   total 317440K, used 150177K [0x00000000a0c00000, 0x0000000100000000)
  region size 1024K, 5 young (5120K), 1 survivors (1024K)
 Metaspace       used 32713K, committed 32960K, reserved 1114112K
  class space    used 4130K, committed 4288K, reserved 1048576K
}
Event: 84.695 GC heap after
{Heap after GC invocations=50 (full 0):
 garbage-first heap   total 317440K, used 90731K [0x00000000a0c00000, 0x0000000100000000)
  region size 1024K, 1 young (1024K), 1 survivors (1024K)
 Metaspace       used 32713K, committed 32960K, reserved 1114112K
  class space    used 4130K, committed 4288K, reserved 1048576K
}
Event: 84.799 GC heap before
{Heap before GC invocations=51 (full 0):
 garbage-first heap   total 317440K, used 109163K [0x00000000a0c00000, 0x0000000100000000)
  region size 1024K, 3 young (3072K), 1 survivors (1024K)
 Metaspace       used 32724K, committed 33024K, reserved 1114112K
  class space    used 4130K, committed 4288K, reserved 1048576K
}
Event: 84.801 GC heap after
{Heap after GC invocations=52 (full 0):
 garbage-first heap   total 317440K, used 108163K [0x00000000a0c00000, 0x0000000100000000)
  region size 1024K, 1 young (1024K), 1 survivors (1024K)
 Metaspace       used 32724K, committed 33024K, reserved 1114112K
  class space    used 4130K, committed 4288K, reserved 1048576K
}
Event: 84.826 GC heap before
{Heap before GC invocations=53 (full 0):
 garbage-first heap   total 317440K, used 110211K [0x00000000a0c00000, 0x0000000100000000)
  region size 1024K, 2 young (2048K), 1 survivors (1024K)
 Metaspace       used 32747K, committed 33088K, reserved 1114112K
  class space    used 4131K, committed 4288K, reserved 1048576K
}
Event: 84.827 GC heap after
{Heap after GC invocations=54 (full 0):
 garbage-first heap   total 317440K, used 110254K [0x00000000a0c00000, 0x0000000100000000)
  region size 1024K, 1 young (1024K), 1 survivors (1024K)
 Metaspace       used 32747K, committed 33088K, reserved 1114112K
  class space    used 4131K, committed 4288K, reserved 1048576K
}
Event: 84.869 GC heap before
{Heap before GC invocations=55 (full 0):
 garbage-first heap   total 317440K, used 120494K [0x00000000a0c00000, 0x0000000100000000)
  region size 1024K, 2 young (2048K), 1 survivors (1024K)
 Metaspace       used 32747K, committed 33088K, reserved 1114112K
  class space    used 4131K, committed 4288K, reserved 1048576K
}
Event: 84.870 GC heap after
{Heap after GC invocations=56 (full 0):
 garbage-first heap   total 317440K, used 120536K [0x00000000a0c00000, 0x0000000100000000)
  region size 1024K, 1 young (1024K), 1 survivors (1024K)
 Metaspace       used 32747K, committed 33088K, reserved 1114112K
  class space    used 4131K, committed 4288K, reserved 1048576K
}
Event: 84.958 GC heap before
{Heap before GC invocations=57 (full 0):
 garbage-first heap   total 317440K, used 153304K [0x00000000a0c00000, 0x0000000100000000)
  region size 1024K, 2 young (2048K), 1 survivors (1024K)
 Metaspace       used 32747K, committed 33088K, reserved 1114112K
  class space    used 4131K, committed 4288K, reserved 1048576K
}
Event: 84.959 GC heap after
{Heap after GC invocations=58 (full 0):
 garbage-first heap   total 317440K, used 145123K [0x00000000a0c00000, 0x0000000100000000)
  region size 1024K, 1 young (1024K), 1 survivors (1024K)
 Metaspace       used 32747K, committed 33088K, reserved 1114112K
  class space    used 4131K, committed 4288K, reserved 1048576K
}
Event: 104.496 GC heap before
{Heap before GC invocations=59 (full 0):
 garbage-first heap   total 317440K, used 206563K [0x00000000a0c00000, 0x0000000100000000)
  region size 1024K, 58 young (59392K), 1 survivors (1024K)
 Metaspace       used 43226K, committed 43584K, reserved 1114112K
  class space    used 5428K, committed 5632K, reserved 1048576K
}
Event: 104.502 GC heap after
{Heap after GC invocations=60 (full 0):
 garbage-first heap   total 317440K, used 94966K [0x00000000a0c00000, 0x0000000100000000)
  region size 1024K, 5 young (5120K), 5 survivors (5120K)
 Metaspace       used 43226K, committed 43584K, reserved 1114112K
  class space    used 5428K, committed 5632K, reserved 1048576K
}
Event: 107.528 GC heap before
{Heap before GC invocations=61 (full 0):
 garbage-first heap   total 317440K, used 143094K [0x00000000a0c00000, 0x0000000100000000)
  region size 1024K, 51 young (52224K), 5 survivors (5120K)
 Metaspace       used 44116K, committed 44480K, reserved 1114112K
  class space    used 5500K, committed 5696K, reserved 1048576K
}
Event: 107.534 GC heap after
{Heap after GC invocations=62 (full 0):
 garbage-first heap   total 317440K, used 102381K [0x00000000a0c00000, 0x0000000100000000)
  region size 1024K, 9 young (9216K), 9 survivors (9216K)
 Metaspace       used 44116K, committed 44480K, reserved 1114112K
  class space    used 5500K, committed 5696K, reserved 1048576K
}
Event: 108.084 GC heap before
{Heap before GC invocations=63 (full 0):
 garbage-first heap   total 317440K, used 132077K [0x00000000a0c00000, 0x0000000100000000)
  region size 1024K, 41 young (41984K), 9 survivors (9216K)
 Metaspace       used 44452K, committed 44864K, reserved 1114112K
  class space    used 5538K, committed 5760K, reserved 1048576K
}
Event: 108.090 GC heap after
{Heap after GC invocations=64 (full 0):
 garbage-first heap   total 317440K, used 100880K [0x00000000a0c00000, 0x0000000100000000)
  region size 1024K, 11 young (11264K), 11 survivors (11264K)
 Metaspace       used 44452K, committed 44864K, reserved 1114112K
  class space    used 5538K, committed 5760K, reserved 1048576K
}
Event: 109.282 GC heap before
{Heap before GC invocations=65 (full 0):
 garbage-first heap   total 317440K, used 132624K [0x00000000a0c00000, 0x0000000100000000)
  region size 1024K, 42 young (43008K), 11 survivors (11264K)
 Metaspace       used 44616K, committed 45056K, reserved 1114112K
  class space    used 5543K, committed 5760K, reserved 1048576K
}
Event: 109.288 GC heap after
{Heap after GC invocations=66 (full 0):
 garbage-first heap   total 317440K, used 101987K [0x00000000a0c00000, 0x0000000100000000)
  region size 1024K, 11 young (11264K), 11 survivors (11264K)
 Metaspace       used 44616K, committed 45056K, reserved 1114112K
  class space    used 5543K, committed 5760K, reserved 1048576K
}

