# JRE version: OpenJDK Runtime Environment JBR-17.0.8.1+7-1059.3-nomod (17.0.8.1+7) (build 17.0.8.1+7-b1059.3)
# Java VM: OpenJDK 64-Bit Server VM JBR-17.0.8.1+7-1059.3-nomod (17.0.8.1+7-b1059.3, mixed mode, tiered, compressed oops, compressed class ptrs, g1 gc, windows-amd64)
GC Precious Log:
 CPUs: 8 total, 8 available
 Memory: 6091M
 Large Page Support: Disabled
 NUMA Support: Disabled
 Compressed Oops: Enabled (32-bit)
 Heap Region Size: 1M
 Heap Min Capacity: 8M
 Heap Initial Capacity: 96M
 Heap Max Capacity: 1524M
 Pre-touch: Disabled
 Parallel Workers: 8
 Concurrent Workers: 2
 Concurrent Refinement Workers: 8
 Periodic GC: Disabled
Heap:
 garbage-first heap   total 179200K, used 111300K [0x00000000a0c00000, 0x0000000100000000)
  region size 1024K, 4 young (4096K), 1 survivors (1024K)
 Metaspace       used 31862K, committed 32128K, reserved 1114112K
  class space    used 4105K, committed 4224K, reserved 1048576K
GC Heap History (20 events):
Event: 1.734 GC heap before
{Heap before GC invocations=0 (full 0):
 garbage-first heap   total 98304K, used 22528K [0x00000000a0c00000, 0x0000000100000000)
  region size 1024K, 23 young (23552K), 0 survivors (0K)
 Metaspace       used 12150K, committed 12352K, reserved 1114112K
  class space    used 1240K, committed 1344K, reserved 1048576K
}
Event: 1.741 GC heap after
{Heap after GC invocations=1 (full 0):
 garbage-first heap   total 98304K, used 3883K [0x00000000a0c00000, 0x0000000100000000)
  region size 1024K, 3 young (3072K), 3 survivors (3072K)
 Metaspace       used 12150K, committed 12352K, reserved 1114112K
  class space    used 1240K, committed 1344K, reserved 1048576K
}
Event: 3.434 GC heap before
{Heap before GC invocations=1 (full 0):
 garbage-first heap   total 98304K, used 60203K [0x00000000a0c00000, 0x0000000100000000)
  region size 1024K, 35 young (35840K), 3 survivors (3072K)
 Metaspace       used 21028K, committed 21248K, reserved 1114112K
  class space    used 2326K, committed 2432K, reserved 1048576K
}
Event: 3.442 GC heap after
{Heap after GC invocations=2 (full 0):
 garbage-first heap   total 98304K, used 36343K [0x00000000a0c00000, 0x0000000100000000)
  region size 1024K, 5 young (5120K), 5 survivors (5120K)
 Metaspace       used 21028K, committed 21248K, reserved 1114112K
  class space    used 2326K, committed 2432K, reserved 1048576K
}
Event: 3.460 GC heap before
{Heap before GC invocations=2 (full 0):
 garbage-first heap   total 98304K, used 37367K [0x00000000a0c00000, 0x0000000100000000)
  region size 1024K, 7 young (7168K), 5 survivors (5120K)
 Metaspace       used 21319K, committed 21504K, reserved 1114112K
  class space    used 2415K, committed 2496K, reserved 1048576K
}
Event: 3.465 GC heap after
{Heap after GC invocations=3 (full 0):
 garbage-first heap   total 98304K, used 36748K [0x00000000a0c00000, 0x0000000100000000)
  region size 1024K, 1 young (1024K), 1 survivors (1024K)
 Metaspace       used 21319K, committed 21504K, reserved 1114112K
  class space    used 2415K, committed 2496K, reserved 1048576K
}
Event: 6.450 GC heap before
{Heap before GC invocations=4 (full 0):
 garbage-first heap   total 98304K, used 51084K [0x00000000a0c00000, 0x0000000100000000)
  region size 1024K, 16 young (16384K), 1 survivors (1024K)
 Metaspace       used 25166K, committed 25408K, reserved 1114112K
  class space    used 3080K, committed 3200K, reserved 1048576K
}
Event: 6.452 GC heap after
{Heap after GC invocations=5 (full 0):
 garbage-first heap   total 98304K, used 37813K [0x00000000a0c00000, 0x0000000100000000)
  region size 1024K, 2 young (2048K), 2 survivors (2048K)
 Metaspace       used 25166K, committed 25408K, reserved 1114112K
  class space    used 3080K, committed 3200K, reserved 1048576K
}
Event: 6.937 GC heap before
{Heap before GC invocations=5 (full 0):
 garbage-first heap   total 98304K, used 64437K [0x00000000a0c00000, 0x0000000100000000)
  region size 1024K, 12 young (12288K), 2 survivors (2048K)
 Metaspace       used 27319K, committed 27584K, reserved 1114112K
  class space    used 3585K, committed 3712K, reserved 1048576K
}
Event: 6.940 GC heap after
{Heap after GC invocations=6 (full 0):
 garbage-first heap   total 98304K, used 56266K [0x00000000a0c00000, 0x0000000100000000)
  region size 1024K, 3 young (3072K), 3 survivors (3072K)
 Metaspace       used 27319K, committed 27584K, reserved 1114112K
  class space    used 3585K, committed 3712K, reserved 1048576K
}
Event: 7.115 GC heap before
{Heap before GC invocations=7 (full 0):
 garbage-first heap   total 101376K, used 59338K [0x00000000a0c00000, 0x0000000100000000)
  region size 1024K, 5 young (5120K), 3 survivors (3072K)
 Metaspace       used 27367K, committed 27648K, reserved 1114112K
  class space    used 3596K, committed 3712K, reserved 1048576K
}
Event: 7.118 GC heap after
{Heap after GC invocations=8 (full 0):
 garbage-first heap   total 101376K, used 58520K [0x00000000a0c00000, 0x0000000100000000)
  region size 1024K, 2 young (2048K), 2 survivors (2048K)
 Metaspace       used 27367K, committed 27648K, reserved 1114112K
  class space    used 3596K, committed 3712K, reserved 1048576K
}
Event: 73.608 GC heap before
{Heap before GC invocations=9 (full 0):
 garbage-first heap   total 136192K, used 128152K [0x00000000a0c00000, 0x0000000100000000)
  region size 1024K, 15 young (15360K), 2 survivors (2048K)
 Metaspace       used 30152K, committed 30400K, reserved 1114112K
  class space    used 3872K, committed 4032K, reserved 1048576K
}
Event: 73.612 GC heap after
{Heap after GC invocations=10 (full 0):
 garbage-first heap   total 136192K, used 118968K [0x00000000a0c00000, 0x0000000100000000)
  region size 1024K, 4 young (4096K), 4 survivors (4096K)
 Metaspace       used 30152K, committed 30400K, reserved 1114112K
  class space    used 3872K, committed 4032K, reserved 1048576K
}
Event: 73.768 GC heap before
{Heap before GC invocations=10 (full 0):
 garbage-first heap   total 150528K, used 141496K [0x00000000a0c00000, 0x0000000100000000)
  region size 1024K, 6 young (6144K), 4 survivors (4096K)
 Metaspace       used 30505K, committed 30784K, reserved 1114112K
  class space    used 3907K, committed 4032K, reserved 1048576K
}
Event: 73.771 GC heap after
{Heap after GC invocations=11 (full 0):
 garbage-first heap   total 150528K, used 140641K [0x00000000a0c00000, 0x0000000100000000)
  region size 1024K, 1 young (1024K), 1 survivors (1024K)
 Metaspace       used 30505K, committed 30784K, reserved 1114112K
  class space    used 3907K, committed 4032K, reserved 1048576K
}
Event: 73.788 GC heap before
{Heap before GC invocations=11 (full 0):
 garbage-first heap   total 150528K, used 142689K [0x00000000a0c00000, 0x0000000100000000)
  region size 1024K, 2 young (2048K), 1 survivors (1024K)
 Metaspace       used 30508K, committed 30784K, reserved 1114112K
  class space    used 3907K, committed 4032K, reserved 1048576K
}
Event: 73.788 GC heap after
{Heap after GC invocations=12 (full 0):
 garbage-first heap   total 150528K, used 142512K [0x00000000a0c00000, 0x0000000100000000)
  region size 1024K, 1 young (1024K), 1 survivors (1024K)
 Metaspace       used 30508K, committed 30784K, reserved 1114112K
  class space    used 3907K, committed 4032K, reserved 1048576K
}
Event: 74.019 GC heap before
{Heap before GC invocations=13 (full 0):
 garbage-first heap   total 179200K, used 113840K [0x00000000a0c00000, 0x0000000100000000)
  region size 1024K, 7 young (7168K), 1 survivors (1024K)
 Metaspace       used 31411K, committed 31680K, reserved 1114112K
  class space    used 4046K, committed 4160K, reserved 1048576K
}
Event: 74.024 GC heap after
{Heap after GC invocations=14 (full 0):
 garbage-first heap   total 179200K, used 109252K [0x00000000a0c00000, 0x0000000100000000)
  region size 1024K, 1 young (1024K), 1 survivors (1024K)
 Metaspace       used 31411K, committed 31680K, reserved 1114112K
  class space    used 4046K, committed 4160K, reserved 1048576K
}

